\BOOKMARK [0][-]{part.1}{I 课内知识}{}% 1
\BOOKMARK [1][-]{section.1}{学习量子力学II的一些准备}{part.1}% 2
\BOOKMARK [2][-]{subsection.1.1}{量子力学II的内容概括}{section.1}% 3
\BOOKMARK [2][-]{subsection.1.2}{量子力学I的简要回顾}{section.1}% 4
\BOOKMARK [3][-]{subsubsection.1.2.1}{量子力学基本原理}{subsection.1.2}% 5
\BOOKMARK [3][-]{subsubsection.1.2.2}{定态微扰理论和变分法}{subsection.1.2}% 6
\BOOKMARK [3][-]{subsubsection.1.2.3}{氢原子体系的求解}{subsection.1.2}% 7
\BOOKMARK [1][-]{section.2}{含时量子理论}{part.1}% 8
\BOOKMARK [2][-]{subsection.2.1}{量子跃迁}{section.2}% 9
\BOOKMARK [3][-]{subsubsection.2.1.1}{含时微扰问题的数学阐明}{subsection.2.1}% 10
\BOOKMARK [3][-]{subsubsection.2.1.2}{0表象下的schrödinger Equation}{subsection.2.1}% 11
\BOOKMARK [3][-]{subsubsection.2.1.3}{含时微扰的归一化}{subsection.2.1}% 12
\BOOKMARK [3][-]{subsubsection.2.1.4}{含时微扰中量子跃迁的引入}{subsection.2.1}% 13
\BOOKMARK [3][-]{subsubsection.2.1.5}{简谐微扰与共振跃迁}{subsection.2.1}% 14
\BOOKMARK [3][-]{subsubsection.2.1.6}{含时微扰的具体例子: 原子体系对光的辐射和吸收}{subsection.2.1}% 15
\BOOKMARK [3][-]{subsubsection.2.1.7}{原子内部电子能级的跃迁选择定则}{subsection.2.1}% 16
\BOOKMARK [3][-]{subsubsection.2.1.8}{常微扰与黄金规则}{subsection.2.1}% 17
\BOOKMARK [3][-]{subsubsection.2.1.9}{激光的产生原理}{subsection.2.1}% 18
\BOOKMARK [3][-]{subsubsection.2.1.10}{激发态寿命}{subsection.2.1}% 19
\BOOKMARK [3][-]{subsubsection.2.1.11}{突变含时量子体系}{subsection.2.1}% 20
\BOOKMARK [2][-]{subsection.2.2}{绝热近似}{section.2}% 21
\BOOKMARK [3][-]{subsubsection.2.2.1}{绝热定理的引入}{subsection.2.2}% 22
\BOOKMARK [3][-]{subsubsection.2.2.2}{一个可以精确求解的例子\(绝热定理的验证\)}{subsection.2.2}% 23
\BOOKMARK [3][-]{subsubsection.2.2.3}{Barry相}{subsection.2.2}% 24
\BOOKMARK [3][-]{subsubsection.2.2.4}{Aharonov-Bohm效应本部分绝大多数观点来自格里菲斯电动力学 10.2.3}{subsection.2.2}% 25
\BOOKMARK [1][-]{section.3}{定态散射理论}{part.1}% 26
\BOOKMARK [2][-]{subsection.3.1}{一维散射问题}{section.3}% 27
\BOOKMARK [3][-]{subsubsection.3.1.1}{一维散射问题的基本回顾}{subsection.3.1}% 28
\BOOKMARK [3][-]{subsubsection.3.1.2}{计算一维散射问题的一般方法}{subsection.3.1}% 29
\BOOKMARK [2][-]{subsection.3.2}{三维散射问题}{section.3}% 30
\BOOKMARK [3][-]{subsubsection.3.2.1}{碰撞过程和散射截面}{subsection.3.2}% 31
\BOOKMARK [3][-]{subsubsection.3.2.2}{分波法}{subsection.3.2}% 32
\BOOKMARK [3][-]{subsubsection.3.2.3}{球方位势散射}{subsection.3.2}% 33
\BOOKMARK [3][-]{subsubsection.3.2.4}{Born近似法}{subsection.3.2}% 34
\BOOKMARK [3][-]{subsubsection.3.2.5}{库伦散射}{subsection.3.2}% 35
\BOOKMARK [3][-]{subsubsection.3.2.6}{全同粒子碰撞}{subsection.3.2}% 36
\BOOKMARK [1][-]{section.4}{WKB近似}{part.1}% 37
\BOOKMARK [2][-]{subsection.4.1}{定态近似方法的回顾}{section.4}% 38
\BOOKMARK [3][-]{subsubsection.4.1.1}{定态微扰论}{subsection.4.1}% 39
\BOOKMARK [3][-]{subsubsection.4.1.2}{变分法}{subsection.4.1}% 40
\BOOKMARK [2][-]{subsection.4.2}{WKB近似解及连接公式}{section.4}% 41
\BOOKMARK [3][-]{subsubsection.4.2.1}{WKB近似解}{subsection.4.2}% 42
\BOOKMARK [3][-]{subsubsection.4.2.2}{WKB一级近似解成立的条件}{subsection.4.2}% 43
\BOOKMARK [3][-]{subsubsection.4.2.3}{WKB近似的连接公式}{subsection.4.2}% 44
\BOOKMARK [2][-]{subsection.4.3}{WKB近似处理一维束缚态问题}{section.4}% 45
\BOOKMARK [2][-]{subsection.4.4}{WKB近似处理一维扩展态问题}{section.4}% 46
\BOOKMARK [1][-]{section.5}{力学量本征值的代数解法}{part.1}% 47
\BOOKMARK [2][-]{subsection.5.1}{一维谐振子的代数解法}{section.5}% 48
\BOOKMARK [2][-]{subsection.5.2}{角动量的本征问题}{section.5}% 49
\BOOKMARK [1][-]{section.6}{带电粒子在电磁场中的运动}{part.1}% 50
\BOOKMARK [2][-]{subsection.6.1}{电磁场中带电粒子的薛定谔方程}{section.6}% 51
\BOOKMARK [2][-]{subsection.6.2}{正常Zeeman效应}{section.6}% 52
\BOOKMARK [2][-]{subsection.6.3}{Landau能级}{section.6}% 53
\BOOKMARK [2][-]{subsection.6.4}{量子Hall效应}{section.6}% 54
\BOOKMARK [2][-]{subsection.6.5}{三维自由电子在磁场下的Landau带}{section.6}% 55
\BOOKMARK [0][-]{part.2}{II 课外拓展}{}% 56
\BOOKMARK [1][-]{section.7}{多粒子体系}{part.2}% 57
\BOOKMARK [2][-]{subsection.7.1}{双粒子体系}{section.7}% 58
\BOOKMARK [2][-]{subsection.7.2}{原子}{section.7}% 59
\BOOKMARK [2][-]{subsection.7.3}{固体}{section.7}% 60
\BOOKMARK [1][-]{section.8}{量子纠缠和量子隐形远程传态}{part.2}% 61
